<?xml version="1.0" encoding="UTF-8"?>
<!-- Generated by org.testng.reporters.JUnitReportReporter -->
<testsuite hostname="Chaithra-Kota5" failures="0" tests="1" name="Maven1.Bluestone2" time="47.238" errors="0" timestamp="21 Aug 2019 17:14:00 GMT" skipped="0">
  <testcase classname="Maven1.Bluestone2" name="main" time="47.238"/>
</testsuite> <!-- Maven1.Bluestone2 -->
