<?xml version="1.0" encoding="UTF-8"?>
<!-- Generated by org.testng.reporters.JUnitReportReporter -->
<testsuite hostname="Chaithra-Kota5" failures="0" tests="1" name="Maven1.ActitimeDemo1" time="20.770" errors="0" timestamp="21 Aug 2019 17:08:15 GMT" skipped="0">
  <testcase classname="Maven1.ActitimeDemo1" name="Main" time="20.770"/>
</testsuite> <!-- Maven1.ActitimeDemo1 -->
